<?xml version="1.0" encoding="UTF-8"?>
<!-- Generated by org.testng.reporters.JUnitReportReporter -->
<testsuite hostname="DESKTOP-26GHAL4" failures="0" tests="3" name="P1.g1" time="0.024" errors="0" timestamp="2024-08-19T03:19:30 PDT" skipped="0">
  <testcase classname="P1.g1" name="openappOrange" time="0.016"/>
  <testcase classname="P1.g1" name="loginOrange" time="0.003"/>
  <testcase classname="P1.g1" name="quitOrange" time="0.005"/>
</testsuite> <!-- P1.g1 -->
