<?xml version="1.0" encoding="UTF-8"?>
<!-- Generated by org.testng.reporters.JUnitReportReporter -->
<testsuite hostname="DESKTOP-26GHAL4" failures="0" tests="2" name="p3.z" time="19.464" errors="0" timestamp="2024-09-01T01:27:49 PDT" skipped="0">
  <testcase classname="p3.z" name="open" time="10.698"/>
  <testcase classname="p3.z" name="open" time="8.766"/>
</testsuite> <!-- p3.z -->
