<?xml version="1.0" encoding="UTF-8"?>
<!-- Generated by org.testng.reporters.JUnitReportReporter -->
<testsuite hostname="DESKTOP-26GHAL4" failures="0" tests="6" name="p3.NgTest" time="18.844" errors="0" timestamp="2024-09-01T00:11:39 PDT" skipped="0">
  <testcase classname="p3.NgTest" name="Login" time="1.002"/>
  <testcase classname="p3.NgTest" name="Login" time="0.923"/>
  <testcase classname="p3.NgTest" name="Login" time="2.051"/>
  <testcase classname="p3.NgTest" name="search" time="5.028"/>
  <testcase classname="p3.NgTest" name="search" time="4.889"/>
  <testcase classname="p3.NgTest" name="search" time="4.951"/>
</testsuite> <!-- p3.NgTest -->
