<?xml version="1.0" encoding="UTF-8"?>
<!-- Generated by org.testng.reporters.JUnitReportReporter -->
<testsuite hostname="DESKTOP-26GHAL4" failures="0" tests="3" name="p3.f" time="0.039" errors="0" timestamp="2024-09-01T00:58:35 PDT" skipped="0">
  <testcase classname="p3.f" name="a" time="0.026"/>
  <testcase classname="p3.f" name="b" time="0.008"/>
  <testcase classname="p3.f" name="c" time="0.005"/>
</testsuite> <!-- p3.f -->
