<?xml version="1.0" encoding="UTF-8"?>
<!-- Generated by org.testng.reporters.JUnitReportReporter -->
<testsuite hostname="DESKTOP-26GHAL4" failures="0" tests="3" name="P1.x" time="57.446" errors="0" timestamp="2024-08-19T02:12:47 PDT" skipped="0">
  <testcase classname="P1.x" name="login" time="20.802"/>
  <testcase classname="P1.x" name="login" time="18.353"/>
  <testcase classname="P1.x" name="login" time="18.291"/>
</testsuite> <!-- P1.x -->
