<?xml version="1.0" encoding="UTF-8"?>
<!-- Generated by org.testng.reporters.JUnitReportReporter -->
<testsuite hostname="DESKTOP-26GHAL4" failures="0" tests="2" name="p3.c" time="1.993" errors="0" timestamp="2024-09-01T00:11:39 PDT" skipped="0">
  <testcase classname="p3.c" name="Login" time="0.973"/>
  <testcase classname="p3.c" name="Login" time="1.020"/>
</testsuite> <!-- p3.c -->
