<?xml version="1.0" encoding="UTF-8"?>
<!-- Generated by org.testng.reporters.JUnitReportReporter -->
<testsuite hostname="DESKTOP-26GHAL4" failures="0" tests="6" name="DDT2.Ninja" time="118.584" errors="0" timestamp="2024-08-16T01:33:53 PDT" skipped="0">
  <testcase classname="DDT2.Ninja" name="MyShopDta" time="11.810"/>
  <testcase classname="DDT2.Ninja" name="MyShopDta" time="11.434"/>
  <testcase classname="DDT2.Ninja" name="MyShopDta" time="14.433"/>
  <testcase classname="DDT2.Ninja" name="MyShopDta" time="16.506"/>
  <testcase classname="DDT2.Ninja" name="MyShopDta" time="36.046"/>
  <testcase classname="DDT2.Ninja" name="MyShopDta" time="28.355"/>
</testsuite> <!-- DDT2.Ninja -->
