<?xml version="1.0" encoding="UTF-8"?>
<!-- Generated by org.testng.reporters.JUnitReportReporter -->
<testsuite hostname="DESKTOP-26GHAL4" failures="0" tests="3" name="p3.g" time="0.008" errors="0" timestamp="2024-09-01T00:58:11 PDT" skipped="0">
  <testcase classname="p3.g" name="a" time="0.002"/>
  <testcase classname="p3.g" name="b" time="0.003"/>
  <testcase classname="p3.g" name="c" time="0.003"/>
</testsuite> <!-- p3.g -->
