<?xml version="1.0" encoding="UTF-8"?>
<!-- Generated by org.testng.reporters.JUnitReportReporter -->
<testsuite hostname="DESKTOP-26GHAL4" failures="0" tests="3" name="P1.g2" time="0.027" errors="0" timestamp="2024-08-19T03:19:00 PDT" skipped="0">
  <testcase classname="P1.g2" name="openappMango" time="0.018"/>
  <testcase classname="P1.g2" name="loginMango" time="0.004"/>
  <testcase classname="P1.g2" name="quitMango" time="0.005"/>
</testsuite> <!-- P1.g2 -->
